<?xml version="1.0" encoding="UTF-8"?>
<!-- Generated by org.testng.reporters.JUnitXMLReporter -->
<testsuite hostname="DESKTOP-N6KK6O3" ignored="0" name="Add Ride" tests="1" failures="1" timestamp="09 Mar 2017 06:03:55 GMT" time="303.164" errors="0">
  <testcase name="myGarageTest" time="302.66" classname="testCases.MyGarageTest">
    <failure type="org.openqa.selenium.TimeoutException" message="Expected condition failed: waiting for visibility of element located by By.id: com.pakwheels:id/img_cancel_how_it_works (tried for 300 second(s) with 500 MILLISECONDS interval)
Build info: version: &amp;apos;3.0.0-beta3&amp;apos;, revision: &amp;apos;c7b525d&amp;apos;, time: &amp;apos;2016-09-01 14:57:03 -0700&amp;apos;
System info: host: &amp;apos;DESKTOP-N6KK6O3&amp;apos;, ip: &amp;apos;192.168.100.141&amp;apos;, os.name: &amp;apos;Windows 10&amp;apos;, os.arch: &amp;apos;amd64&amp;apos;, os.version: &amp;apos;10.0&amp;apos;, java.version: &amp;apos;1.8.0_111&amp;apos;
Driver info: io.appium.java_client.android.AndroidDriver
Capabilities [{app=E:\Softwares\Automation\PakWheelsApp\APKs\Ppakwheels51.apk, networkConnectionEnabled=true, warnings={}, app-package=com.pakwheels, app-activity=com.pakwheels.activities.others.SplashScreenActivity, databaseEnabled=false, deviceName=emulator-5554, platform=LINUX, desired={app=E:\Softwares\Automation\PakWheelsApp\APKs\Ppakwheels51.apk, platformVersion=4.3, app-package=com.pakwheels, app-activity=com.pakwheels.activities.others.SplashScreenActivity, platformName=Android, deviceName=emulator-5554}, platformVersion=4.4.2, webStorageEnabled=false, locationContextEnabled=false, browserName=Android, takesScreenshot=true, javascriptEnabled=true, platformName=Android}]
Session ID: 18c14531-18a0-4bb8-a117-fccec142fa49">
      <![CDATA[org.openqa.selenium.TimeoutException: Expected condition failed: waiting for visibility of element located by By.id: com.pakwheels:id/img_cancel_how_it_works (tried for 300 second(s) with 500 MILLISECONDS interval)
Build info: version: '3.0.0-beta3', revision: 'c7b525d', time: '2016-09-01 14:57:03 -0700'
System info: host: 'DESKTOP-N6KK6O3', ip: '192.168.100.141', os.name: 'Windows 10', os.arch: 'amd64', os.version: '10.0', java.version: '1.8.0_111'
Driver info: io.appium.java_client.android.AndroidDriver
Capabilities [{app=E:\Softwares\Automation\PakWheelsApp\APKs\Ppakwheels51.apk, networkConnectionEnabled=true, warnings={}, app-package=com.pakwheels, app-activity=com.pakwheels.activities.others.SplashScreenActivity, databaseEnabled=false, deviceName=emulator-5554, platform=LINUX, desired={app=E:\Softwares\Automation\PakWheelsApp\APKs\Ppakwheels51.apk, platformVersion=4.3, app-package=com.pakwheels, app-activity=com.pakwheels.activities.others.SplashScreenActivity, platformName=Android, deviceName=emulator-5554}, platformVersion=4.4.2, webStorageEnabled=false, locationContextEnabled=false, browserName=Android, takesScreenshot=true, javascriptEnabled=true, platformName=Android}]
Session ID: 18c14531-18a0-4bb8-a117-fccec142fa49
	at org.openqa.selenium.support.ui.WebDriverWait.timeoutException(WebDriverWait.java:80)
	at org.openqa.selenium.support.ui.FluentWait.until(FluentWait.java:260)
	at testCases.MyGarageTest.myGarageTest(MyGarageTest.java:44)
Caused by: org.openqa.selenium.NoSuchElementException: An element could not be located on the page using the given search parameters. (WARNING: The server did not provide any stacktrace information)
Command duration or timeout: 5.52 seconds
For documentation on this error, please visit: http://seleniumhq.org/exceptions/no_such_element.html
Build info: version: '3.0.0-beta3', revision: 'c7b525d', time: '2016-09-01 14:57:03 -0700'
System info: host: 'DESKTOP-N6KK6O3', ip: '192.168.100.141', os.name: 'Windows 10', os.arch: 'amd64', os.version: '10.0', java.version: '1.8.0_111'
Driver info: io.appium.java_client.android.AndroidDriver
Capabilities [{app=E:\Softwares\Automation\PakWheelsApp\APKs\Ppakwheels51.apk, networkConnectionEnabled=true, warnings={}, app-package=com.pakwheels, app-activity=com.pakwheels.activities.others.SplashScreenActivity, databaseEnabled=false, deviceName=emulator-5554, platform=LINUX, desired={app=E:\Softwares\Automation\PakWheelsApp\APKs\Ppakwheels51.apk, platformVersion=4.3, app-package=com.pakwheels, app-activity=com.pakwheels.activities.others.SplashScreenActivity, platformName=Android, deviceName=emulator-5554}, platformVersion=4.4.2, webStorageEnabled=false, locationContextEnabled=false, browserName=Android, takesScreenshot=true, javascriptEnabled=true, platformName=Android}]
Session ID: 18c14531-18a0-4bb8-a117-fccec142fa49
*** Element info: {Using=id, value=com.pakwheels:id/img_cancel_how_it_works}
	at org.openqa.selenium.remote.ErrorHandler.createThrowable(ErrorHandler.java:206)
	at org.openqa.selenium.remote.ErrorHandler.throwIfResponseFailed(ErrorHandler.java:158)
	at org.openqa.selenium.remote.RemoteWebDriver.execute(RemoteWebDriver.java:631)
	at io.appium.java_client.DefaultGenericMobileDriver.execute(DefaultGenericMobileDriver.java:40)
	at io.appium.java_client.AppiumDriver.execute(AppiumDriver.java:1)
	at io.appium.java_client.android.AndroidDriver.execute(AndroidDriver.java:1)
	at org.openqa.selenium.remote.RemoteWebDriver.findElement(RemoteWebDriver.java:369)
	at io.appium.java_client.DefaultGenericMobileDriver.findElement(DefaultGenericMobileDriver.java:56)
	at io.appium.java_client.AppiumDriver.findElement(AppiumDriver.java:1)
	at io.appium.java_client.android.AndroidDriver.findElement(AndroidDriver.java:1)
	at org.openqa.selenium.remote.RemoteWebDriver.findElementById(RemoteWebDriver.java:418)
	at io.appium.java_client.DefaultGenericMobileDriver.findElementById(DefaultGenericMobileDriver.java:64)
	at io.appium.java_client.AppiumDriver.findElementById(AppiumDriver.java:1)
	at io.appium.java_client.android.AndroidDriver.findElementById(AndroidDriver.java:1)
	at org.openqa.selenium.By$ById.findElement(By.java:218)
	at org.openqa.selenium.remote.RemoteWebDriver.findElement(RemoteWebDriver.java:361)
	at io.appium.java_client.DefaultGenericMobileDriver.findElement(DefaultGenericMobileDriver.java:52)
	at io.appium.java_client.AppiumDriver.findElement(AppiumDriver.java:1)
	at io.appium.java_client.android.AndroidDriver.findElement(AndroidDriver.java:1)
	at org.openqa.selenium.support.ui.ExpectedConditions.findElement(ExpectedConditions.java:895)
	at org.openqa.selenium.support.ui.ExpectedConditions.access$000(ExpectedConditions.java:41)
	at org.openqa.selenium.support.ui.ExpectedConditions$7.apply(ExpectedConditions.java:205)
	at org.openqa.selenium.support.ui.ExpectedConditions$7.apply(ExpectedConditions.java:201)
	at org.openqa.selenium.support.ui.FluentWait.until(FluentWait.java:238)
	... 26 more
... Removed 28 stack frames]]>
    </failure>
  </testcase> <!-- myGarageTest -->
</testsuite> <!-- Add Ride -->
