<!DOCTYPE html PUBLIC "-//W3C//DTD XHTML 1.1//EN" "http://www.w3.org/TR/xhtml11/DTD/xhtml11.dtd">
<html xmlns="http://www.w3.org/1999/xhtml"><head><title>TestNG Report</title><style type="text/css">table {margin-bottom:10px;border-collapse:collapse;empty-cells:show}th,td {border:1px solid #009;padding:.25em .5em}th {vertical-align:bottom}td {vertical-align:top}table a {font-weight:bold}.stripe td {background-color: #E6EBF9}.num {text-align:right}.passedodd td {background-color: #3F3}.passedeven td {background-color: #0A0}.skippedodd td {background-color: #DDD}.skippedeven td {background-color: #CCC}.failedodd td,.attn {background-color: #F33}.failedeven td,.stripe .attn {background-color: #D00}.stacktrace {white-space:pre;font-family:monospace}.totop {font-size:85%;text-align:center;border-bottom:2px solid #000}</style></head><body><table><tr><th>Test</th><th># Passed</th><th># Skipped</th><th># Failed</th><th>Time (ms)</th><th>Included Groups</th><th>Excluded Groups</th></tr><tr><th colspan="7">My Garage</th></tr><tr><td><a href="#t0">Login</a></td><td class="num">1</td><td class="num">0</td><td class="num">0</td><td class="num">111,033</td><td></td><td></td></tr><tr class="stripe"><td><a href="#t1">Add Ride</a></td><td class="num">0</td><td class="num">0</td><td class="num attn">1</td><td class="num">303,164</td><td></td><td></td></tr><tr><th>Total</th><th class="num">1</th><th class="num">0</th><th class="num attn">1</th><th class="num">414,197</th><th colspan="2"></th></tr></table><table><thead><tr><th>Class</th><th>Method</th><th>Start</th><th>Time (ms)</th></tr></thead><tbody><tr><th colspan="4">My Garage</th></tr></tbody><tbody id="t0"><tr><th colspan="4">Login &#8212; passed</th></tr><tr class="passedeven"><td rowspan="1">testCases.SignInTest</td><td><a href="#m0">signIn</a></td><td rowspan="1">1489039029334</td><td rowspan="1">102944</td></tr></tbody><tbody id="t1"><tr><th colspan="4">Add Ride &#8212; failed (configuration methods)</th></tr><tr class="failedeven"><td rowspan="1">testCases.MyGarageTest</td><td><a href="#m1">tearDown</a></td><td rowspan="1">1489039435542</td><td rowspan="1">0</td></tr><tr><th colspan="4">Add Ride &#8212; failed</th></tr><tr class="failedeven"><td rowspan="1">testCases.MyGarageTest</td><td><a href="#m2">myGarageTest</a></td><td rowspan="1">1489039132331</td><td rowspan="1">302660</td></tr></tbody></table><h2>Login</h2><h3 id="m0">testCases.SignInTest#signIn</h3><table class="result"></table><p class="totop"><a href="#summary">back to summary</a></p><h2>Add Ride</h2><h3 id="m1">testCases.MyGarageTest#tearDown</h3><table class="result"><tr><th>Exception</th></tr><tr><td><div class="stacktrace">org.testng.TestNGException: 
Can inject only one of &lt;ITestContext, XmlTest&gt; into a AfterSuite annotated tearDown.
For more information on native dependency injection please refer to http://testng.org/doc/documentation-main.html#native-dependency-injection
... Removed 17 stack frames</div></td></tr></table><p class="totop"><a href="#summary">back to summary</a></p><h3 id="m2">testCases.MyGarageTest#myGarageTest</h3><table class="result"><tr><th>Exception</th></tr><tr><td><div class="stacktrace">org.openqa.selenium.TimeoutException: Expected condition failed: waiting for visibility of element located by By.id: com.pakwheels:id/img_cancel_how_it_works (tried for 300 second(s) with 500 MILLISECONDS interval)
Build info: version: &apos;3.0.0-beta3&apos;, revision: &apos;c7b525d&apos;, time: &apos;2016-09-01 14:57:03 -0700&apos;
System info: host: &apos;DESKTOP-N6KK6O3&apos;, ip: &apos;192.168.100.141&apos;, os.name: &apos;Windows 10&apos;, os.arch: &apos;amd64&apos;, os.version: &apos;10.0&apos;, java.version: &apos;1.8.0_111&apos;
Driver info: io.appium.java_client.android.AndroidDriver
Capabilities [{app=E:\Softwares\Automation\PakWheelsApp\APKs\Ppakwheels51.apk, networkConnectionEnabled=true, warnings={}, app-package=com.pakwheels, app-activity=com.pakwheels.activities.others.SplashScreenActivity, databaseEnabled=false, deviceName=emulator-5554, platform=LINUX, desired={app=E:\Softwares\Automation\PakWheelsApp\APKs\Ppakwheels51.apk, platformVersion=4.3, app-package=com.pakwheels, app-activity=com.pakwheels.activities.others.SplashScreenActivity, platformName=Android, deviceName=emulator-5554}, platformVersion=4.4.2, webStorageEnabled=false, locationContextEnabled=false, browserName=Android, takesScreenshot=true, javascriptEnabled=true, platformName=Android}]
Session ID: 18c14531-18a0-4bb8-a117-fccec142fa49
	at org.openqa.selenium.support.ui.WebDriverWait.timeoutException(WebDriverWait.java:80)
	at org.openqa.selenium.support.ui.FluentWait.until(FluentWait.java:260)
	at testCases.MyGarageTest.myGarageTest(MyGarageTest.java:44)
Caused by: org.openqa.selenium.NoSuchElementException: An element could not be located on the page using the given search parameters. (WARNING: The server did not provide any stacktrace information)
Command duration or timeout: 5.52 seconds
For documentation on this error, please visit: http://seleniumhq.org/exceptions/no_such_element.html
Build info: version: &apos;3.0.0-beta3&apos;, revision: &apos;c7b525d&apos;, time: &apos;2016-09-01 14:57:03 -0700&apos;
System info: host: &apos;DESKTOP-N6KK6O3&apos;, ip: &apos;192.168.100.141&apos;, os.name: &apos;Windows 10&apos;, os.arch: &apos;amd64&apos;, os.version: &apos;10.0&apos;, java.version: &apos;1.8.0_111&apos;
Driver info: io.appium.java_client.android.AndroidDriver
Capabilities [{app=E:\Softwares\Automation\PakWheelsApp\APKs\Ppakwheels51.apk, networkConnectionEnabled=true, warnings={}, app-package=com.pakwheels, app-activity=com.pakwheels.activities.others.SplashScreenActivity, databaseEnabled=false, deviceName=emulator-5554, platform=LINUX, desired={app=E:\Softwares\Automation\PakWheelsApp\APKs\Ppakwheels51.apk, platformVersion=4.3, app-package=com.pakwheels, app-activity=com.pakwheels.activities.others.SplashScreenActivity, platformName=Android, deviceName=emulator-5554}, platformVersion=4.4.2, webStorageEnabled=false, locationContextEnabled=false, browserName=Android, takesScreenshot=true, javascriptEnabled=true, platformName=Android}]
Session ID: 18c14531-18a0-4bb8-a117-fccec142fa49
*** Element info: {Using=id, value=com.pakwheels:id/img_cancel_how_it_works}
	at org.openqa.selenium.remote.ErrorHandler.createThrowable(ErrorHandler.java:206)
	at org.openqa.selenium.remote.ErrorHandler.throwIfResponseFailed(ErrorHandler.java:158)
	at org.openqa.selenium.remote.RemoteWebDriver.execute(RemoteWebDriver.java:631)
	at io.appium.java_client.DefaultGenericMobileDriver.execute(DefaultGenericMobileDriver.java:40)
	at io.appium.java_client.AppiumDriver.execute(AppiumDriver.java:1)
	at io.appium.java_client.android.AndroidDriver.execute(AndroidDriver.java:1)
	at org.openqa.selenium.remote.RemoteWebDriver.findElement(RemoteWebDriver.java:369)
	at io.appium.java_client.DefaultGenericMobileDriver.findElement(DefaultGenericMobileDriver.java:56)
	at io.appium.java_client.AppiumDriver.findElement(AppiumDriver.java:1)
	at io.appium.java_client.android.AndroidDriver.findElement(AndroidDriver.java:1)
	at org.openqa.selenium.remote.RemoteWebDriver.findElementById(RemoteWebDriver.java:418)
	at io.appium.java_client.DefaultGenericMobileDriver.findElementById(DefaultGenericMobileDriver.java:64)
	at io.appium.java_client.AppiumDriver.findElementById(AppiumDriver.java:1)
	at io.appium.java_client.android.AndroidDriver.findElementById(AndroidDriver.java:1)
	at org.openqa.selenium.By$ById.findElement(By.java:218)
	at org.openqa.selenium.remote.RemoteWebDriver.findElement(RemoteWebDriver.java:361)
	at io.appium.java_client.DefaultGenericMobileDriver.findElement(DefaultGenericMobileDriver.java:52)
	at io.appium.java_client.AppiumDriver.findElement(AppiumDriver.java:1)
	at io.appium.java_client.android.AndroidDriver.findElement(AndroidDriver.java:1)
	at org.openqa.selenium.support.ui.ExpectedConditions.findElement(ExpectedConditions.java:895)
	at org.openqa.selenium.support.ui.ExpectedConditions.access$000(ExpectedConditions.java:41)
	at org.openqa.selenium.support.ui.ExpectedConditions$7.apply(ExpectedConditions.java:205)
	at org.openqa.selenium.support.ui.ExpectedConditions$7.apply(ExpectedConditions.java:201)
	at org.openqa.selenium.support.ui.FluentWait.until(FluentWait.java:238)
	... 26 more
... Removed 28 stack frames</div></td></tr></table><p class="totop"><a href="#summary">back to summary</a></p></body></html>